16:41:18 **** Incremental Build of configuration Debug for project MQ2 ****
make -j4 all 
arm-none-eabi-gcc "../Core/Src/main.c" -mcpu=cortex-m4 -std=gnu11 -g3 -DDEBUG -DUSE_HAL_DRIVER -DSTM32F407xx -c -I../Core/Inc -I../Drivers/STM32F4xx_HAL_Driver/Inc -I../Drivers/STM32F4xx_HAL_Driver/Inc/Legacy -I../Drivers/CMSIS/Device/ST/STM32F4xx/Include -I../Drivers/CMSIS/Include -O0 -ffunction-sections -fdata-sections -Wall -fstack-usage -fcyclomatic-complexity -MMD -MP -MF"Core/Src/main.d" -MT"Core/Src/main.o" --specs=nano.specs -mfpu=fpv4-sp-d16 -mfloat-abi=hard -mthumb -o "Core/Src/main.o"
../Core/Src/main.c: In function 'main':
../Core/Src/main.c:120:17: warning: implicit declaration of function 'read_adc' [-Wimplicit-function-declaration]
  120 |           val = read_adc();
      |                 ^~~~~~~~
arm-none-eabi-gcc -o "MQ2.elf" @"objects.list"   -mcpu=cortex-m4 -T"C:\Users\eZee1\Desktop\Git\ARM_94175_Anjali\ARM_94175_AnjaliYesugade\MQ2\MQ2\STM32F407VGTX_FLASH.ld" --specs=nosys.specs -Wl,-Map="MQ2.map" -Wl,--gc-sections -static --specs=nano.specs -mfpu=fpv4-sp-d16 -mfloat-abi=hard -mthumb -Wl,--start-group -lc -lm -Wl,--end-group
C:/ST/STM32CubeIDE_1.19.0/STM32CubeIDE/plugins/com.st.stm32cube.ide.mcu.externaltools.gnu-tools-for-stm32.13.3.rel1.win32_1.0.0.202411081344/tools/bin/../lib/gcc/arm-none-eabi/13.3.1/../../../../arm-none-eabi/bin/ld.exe: ./Core/Src/main.o: in function `main':
C:/Users/eZee1/Desktop/Git/ARM_94175_Anjali/ARM_94175_AnjaliYesugade/MQ2/MQ2/Debug/../Core/Src/main.c:104:(.text.main+0x20): undefined reference to `lcd16x2_i2c_init'
C:/ST/STM32CubeIDE_1.19.0/STM32CubeIDE/plugins/com.st.stm32cube.ide.mcu.externaltools.gnu-tools-for-stm32.13.3.rel1.win32_1.0.0.202411081344/tools/bin/../lib/gcc/arm-none-eabi/13.3.1/../../../../arm-none-eabi/bin/ld.exe: C:/Users/eZee1/Desktop/Git/ARM_94175_Anjali/ARM_94175_AnjaliYesugade/MQ2/MQ2/Debug/../Core/Src/main.c:120:(.text.main+0x34): undefined reference to `read_adc'
C:/ST/STM32CubeIDE_1.19.0/STM32CubeIDE/plugins/com.st.stm32cube.ide.mcu.externaltools.gnu-tools-for-stm32.13.3.rel1.win32_1.0.0.202411081344/tools/bin/../lib/gcc/arm-none-eabi/13.3.1/../../../../arm-none-eabi/bin/ld.exe: C:/Users/eZee1/Desktop/Git/ARM_94175_Anjali/ARM_94175_AnjaliYesugade/MQ2/MQ2/Debug/../Core/Src/main.c:121:(.text.main+0x3a): undefined reference to `lcd16x2_i2c_clear'
C:/ST/STM32CubeIDE_1.19.0/STM32CubeIDE/plugins/com.st.stm32cube.ide.mcu.externaltools.gnu-tools-for-stm32.13.3.rel1.win32_1.0.0.202411081344/tools/bin/../lib/gcc/arm-none-eabi/13.3.1/../../../../arm-none-eabi/bin/ld.exe: C:/Users/eZee1/Desktop/Git/ARM_94175_Anjali/ARM_94175_AnjaliYesugade/MQ2/MQ2/Debug/../Core/Src/main.c:122:(.text.main+0x42): undefined reference to `lcd16x2_i2c_setCursor'
C:/ST/STM32CubeIDE_1.19.0/STM32CubeIDE/plugins/com.st.stm32cube.ide.mcu.externaltools.gnu-tools-for-stm32.13.3.rel1.win32_1.0.0.202411081344/tools/bin/../lib/gcc/arm-none-eabi/13.3.1/../../../../arm-none-eabi/bin/ld.exe: C:/Users/eZee1/Desktop/Git/ARM_94175_Anjali/ARM_94175_AnjaliYesugade/MQ2/MQ2/Debug/../Core/Src/main.c:124:(.text.main+0x56): undefined reference to `lcd16x2_i2c_printf'
collect2.exe: error: ld returned 1 exit status
make: *** [makefile:64: MQ2.elf] Error 1
"make -j4 all" terminated with exit code 2. Build might be incomplete.

16:41:27 Build Failed. 6 errors, 1 warnings. (took 9s.83ms)

