01:16:37 **** Incremental Build of configuration Debug for project led_ON_OFF ****
make -j4 all 
arm-none-eabi-gcc -o "led_ON_OFF.elf" @"objects.list"   -mcpu=cortex-m4 -T"C:\Users\eZee1\Desktop\Git\ARM_94175_Anjali\ARM_94175_AnjaliYesugade\Assignment 5\led_ON_OFF\STM32F407VGTX_FLASH.ld" --specs=nosys.specs -Wl,-Map="led_ON_OFF.map" -Wl,--gc-sections -static --specs=nano.specs -mfpu=fpv4-sp-d16 -mfloat-abi=soft -mthumb -Wl,--start-group -lc -lm -Wl,--end-group
C:/ST/STM32CubeIDE_1.19.0/STM32CubeIDE/plugins/com.st.stm32cube.ide.mcu.externaltools.gnu-tools-for-stm32.13.3.rel1.win32_1.0.0.202411081344/tools/bin/../lib/gcc/arm-none-eabi/13.3.1/../../../../arm-none-eabi/bin/ld.exe: ./Src/main.o: in function `main':
C:/Users/eZee1/Desktop/Git/ARM_94175_Anjali/ARM_94175_AnjaliYesugade/Assignment 5/led_ON_OFF/Debug/../Src/main.c:38:(.text.main+0x8): undefined reference to `led_on'
C:/ST/STM32CubeIDE_1.19.0/STM32CubeIDE/plugins/com.st.stm32cube.ide.mcu.externaltools.gnu-tools-for-stm32.13.3.rel1.win32_1.0.0.202411081344/tools/bin/../lib/gcc/arm-none-eabi/13.3.1/../../../../arm-none-eabi/bin/ld.exe: C:/Users/eZee1/Desktop/Git/ARM_94175_Anjali/ARM_94175_AnjaliYesugade/Assignment 5/led_ON_OFF/Debug/../Src/main.c:40:(.text.main+0x14): undefined reference to `led_off'
collect2.exe: error: ld returned 1 exit status
make: *** [makefile:63: led_ON_OFF.elf] Error 1
"make -j4 all" terminated with exit code 2. Build might be incomplete.

01:16:40 Build Failed. 3 errors, 0 warnings. (took 3s.13ms)

